# JRE version: OpenJDK Runtime Environment (8.0_152-b01) (build 1.8.0_152-release-1248-b01)
# Java VM: OpenJDK 64-Bit Server VM (25.152-b01 mixed mode linux-amd64 compressed oops)
Heap:
 PSYoungGen      total 363520K, used 7997K [0x00000000e0000000, 0x00000000f7c80000, 0x0000000100000000)
  eden space 337408K, 0% used [0x00000000e0000000,0x00000000e0000000,0x00000000f4980000)
  from space 26112K, 30% used [0x00000000f4980000,0x00000000f514f580,0x00000000f6300000)
  to   space 19456K, 0% used [0x00000000f6980000,0x00000000f6980000,0x00000000f7c80000)
 ParOldGen       total 154624K, used 94580K [0x00000000a0000000, 0x00000000a9700000, 0x00000000e0000000)
  object space 154624K, 61% used [0x00000000a0000000,0x00000000a5c5d378,0x00000000a9700000)
 Metaspace       used 85199K, capacity 88434K, committed 88728K, reserved 1126400K
  class space    used 10847K, capacity 11604K, committed 11696K, reserved 1048576K
GC Heap History (10 events):
Event: 5963.683 GC heap after
Heap after GC invocations=26 (full 4):
 PSYoungGen      total 270848K, used 6215K [0x00000000e0000000, 0x00000000f2a80000, 0x0000000100000000)
  eden space 244224K, 0% used [0x00000000e0000000,0x00000000e0000000,0x00000000eee80000)
  from space 26624K, 23% used [0x00000000f1080000,0x00000000f1691c28,0x00000000f2a80000)
  to   space 30720K, 0% used [0x00000000eee80000,0x00000000eee80000,0x00000000f0c80000)
 ParOldGen       total 154624K, used 83231K [0x00000000a0000000, 0x00000000a9700000, 0x00000000e0000000)
  object space 154624K, 53% used [0x00000000a0000000,0x00000000a5147e00,0x00000000a9700000)
 Metaspace       used 82614K, capacity 85444K, committed 85656K, reserved 1124352K
  class space    used 10751K, capacity 11417K, committed 11440K, reserved 1048576K
}
Event: 6185.336 GC heap before
{Heap before GC invocations=27 (full 4):
 PSYoungGen      total 270848K, used 250245K [0x00000000e0000000, 0x00000000f2a80000, 0x0000000100000000)
  eden space 244224K, 99% used [0x00000000e0000000,0x00000000eee4fb40,0x00000000eee80000)
  from space 26624K, 23% used [0x00000000f1080000,0x00000000f1691c28,0x00000000f2a80000)
  to   space 30720K, 0% used [0x00000000eee80000,0x00000000eee80000,0x00000000f0c80000)
 ParOldGen       total 154624K, used 83231K [0x00000000a0000000, 0x00000000a9700000, 0x00000000e0000000)
  object space 154624K, 53% used [0x00000000a0000000,0x00000000a5147e00,0x00000000a9700000)
 Metaspace       used 83716K, capacity 86674K, committed 86936K, reserved 1124352K
  class space    used 10760K, capacity 11428K, committed 11440K, reserved 1048576K
Event: 6186.381 GC heap after
Heap after GC invocations=27 (full 4):
 PSYoungGen      total 274944K, used 9520K [0x00000000e0000000, 0x00000000f5700000, 0x0000000100000000)
  eden space 244224K, 0% used [0x00000000e0000000,0x00000000e0000000,0x00000000eee80000)
  from space 30720K, 30% used [0x00000000eee80000,0x00000000ef7cc010,0x00000000f0c80000)
  to   space 28672K, 0% used [0x00000000f3b00000,0x00000000f3b00000,0x00000000f5700000)
 ParOldGen       total 154624K, used 86106K [0x00000000a0000000, 0x00000000a9700000, 0x00000000e0000000)
  object space 154624K, 55% used [0x00000000a0000000,0x00000000a5416970,0x00000000a9700000)
 Metaspace       used 83716K, capacity 86674K, committed 86936K, reserved 1124352K
  class space    used 10760K, capacity 11428K, committed 11440K, reserved 1048576K
}
Event: 6206.772 GC heap before
{Heap before GC invocations=28 (full 4):
 PSYoungGen      total 274944K, used 253744K [0x00000000e0000000, 0x00000000f5700000, 0x0000000100000000)
  eden space 244224K, 100% used [0x00000000e0000000,0x00000000eee80000,0x00000000eee80000)
  from space 30720K, 30% used [0x00000000eee80000,0x00000000ef7cc010,0x00000000f0c80000)
  to   space 28672K, 0% used [0x00000000f3b00000,0x00000000f3b00000,0x00000000f5700000)
 ParOldGen       total 154624K, used 86106K [0x00000000a0000000, 0x00000000a9700000, 0x00000000e0000000)
  object space 154624K, 55% used [0x00000000a0000000,0x00000000a5416970,0x00000000a9700000)
 Metaspace       used 83804K, capacity 86738K, committed 86936K, reserved 1124352K
  class space    used 10761K, capacity 11428K, committed 11440K, reserved 1048576K
Event: 6207.673 GC heap after
Heap after GC invocations=28 (full 4):
 PSYoungGen      total 323072K, used 14053K [0x00000000e0000000, 0x00000000f6180000, 0x0000000100000000)
  eden space 294400K, 0% used [0x00000000e0000000,0x00000000e0000000,0x00000000f1f80000)
  from space 28672K, 49% used [0x00000000f3b00000,0x00000000f48b96d0,0x00000000f5700000)
  to   space 28160K, 0% used [0x00000000f1f80000,0x00000000f1f80000,0x00000000f3b00000)
 ParOldGen       total 154624K, used 89549K [0x00000000a0000000, 0x00000000a9700000, 0x00000000e0000000)
  object space 154624K, 57% used [0x00000000a0000000,0x00000000a5773580,0x00000000a9700000)
 Metaspace       used 83804K, capacity 86738K, committed 86936K, reserved 1124352K
  class space    used 10761K, capacity 11428K, committed 11440K, reserved 1048576K
}
Event: 7108.132 GC heap before
{Heap before GC invocations=29 (full 4):
 PSYoungGen      total 323072K, used 308453K [0x00000000e0000000, 0x00000000f6180000, 0x0000000100000000)
  eden space 294400K, 100% used [0x00000000e0000000,0x00000000f1f80000,0x00000000f1f80000)
  from space 28672K, 49% used [0x00000000f3b00000,0x00000000f48b96d0,0x00000000f5700000)
  to   space 28160K, 0% used [0x00000000f1f80000,0x00000000f1f80000,0x00000000f3b00000)
 ParOldGen       total 154624K, used 89549K [0x00000000a0000000, 0x00000000a9700000, 0x00000000e0000000)
  object space 154624K, 57% used [0x00000000a0000000,0x00000000a5773580,0x00000000a9700000)
 Metaspace       used 84358K, capacity 87416K, committed 87576K, reserved 1126400K
  class space    used 10781K, capacity 11485K, committed 11568K, reserved 1048576K
Event: 7108.333 GC heap after
Heap after GC invocations=29 (full 4):
 PSYoungGen      total 322560K, used 10241K [0x00000000e0000000, 0x00000000f8380000, 0x0000000100000000)
  eden space 294400K, 0% used [0x00000000e0000000,0x00000000e0000000,0x00000000f1f80000)
  from space 28160K, 36% used [0x00000000f1f80000,0x00000000f29805c0,0x00000000f3b00000)
  to   space 26624K, 0% used [0x00000000f6980000,0x00000000f6980000,0x00000000f8380000)
 ParOldGen       total 154624K, used 89669K [0x00000000a0000000, 0x00000000a9700000, 0x00000000e0000000)
  object space 154624K, 57% used [0x00000000a0000000,0x00000000a5791590,0x00000000a9700000)
 Metaspace       used 84358K, capacity 87416K, committed 87576K, reserved 1126400K
  class space    used 10781K, capacity 11485K, committed 11568K, reserved 1048576K
}
Event: 7416.438 GC heap before
{Heap before GC invocations=30 (full 4):
 PSYoungGen      total 322560K, used 304641K [0x00000000e0000000, 0x00000000f8380000, 0x0000000100000000)
  eden space 294400K, 100% used [0x00000000e0000000,0x00000000f1f80000,0x00000000f1f80000)
  from space 28160K, 36% used [0x00000000f1f80000,0x00000000f29805c0,0x00000000f3b00000)
  to   space 26624K, 0% used [0x00000000f6980000,0x00000000f6980000,0x00000000f8380000)
 ParOldGen       total 154624K, used 89669K [0x00000000a0000000, 0x00000000a9700000, 0x00000000e0000000)
  object space 154624K, 57% used [0x00000000a0000000,0x00000000a5791590,0x00000000a9700000)
 Metaspace       used 84681K, capacity 87878K, committed 88088K, reserved 1126400K
  class space    used 10808K, capacity 11548K, committed 11568K, reserved 1048576K
Event: 7416.505 GC heap after
Heap after GC invocations=30 (full 4):
 PSYoungGen      total 356864K, used 5712K [0x00000000e0000000, 0x00000000f7c80000, 0x0000000100000000)
  eden space 337408K, 0% used [0x00000000e0000000,0x00000000e0000000,0x00000000f4980000)
  from space 19456K, 29% used [0x00000000f6980000,0x00000000f6f142b0,0x00000000f7c80000)
  to   space 26112K, 0% used [0x00000000f4980000,0x00000000f4980000,0x00000000f6300000)
 ParOldGen       total 154624K, used 93678K [0x00000000a0000000, 0x00000000a9700000, 0x00000000e0000000)
  object space 154624K, 60% used [0x00000000a0000000,0x00000000a5b7bb08,0x00000000a9700000)
 Metaspace       used 84681K, capacity 87878K, committed 88088K, reserved 1126400K
  class space    used 10808K, capacity 11548K, committed 11568K, reserved 1048576K
}
Event: 7495.115 GC heap before
{Heap before GC invocations=31 (full 4):
 PSYoungGen      total 356864K, used 343120K [0x00000000e0000000, 0x00000000f7c80000, 0x0000000100000000)
  eden space 337408K, 100% used [0x00000000e0000000,0x00000000f4980000,0x00000000f4980000)
  from space 19456K, 29% used [0x00000000f6980000,0x00000000f6f142b0,0x00000000f7c80000)
  to   space 26112K, 0% used [0x00000000f4980000,0x00000000f4980000,0x00000000f6300000)
 ParOldGen       total 154624K, used 93678K [0x00000000a0000000, 0x00000000a9700000, 0x00000000e0000000)
  object space 154624K, 60% used [0x00000000a0000000,0x00000000a5b7bb08,0x00000000a9700000)
 Metaspace       used 85199K, capacity 88434K, committed 88728K, reserved 1126400K
  class space    used 10847K, capacity 11604K, committed 11696K, reserved 1048576K

